<?xml version="1.0" encoding="UTF-8"?>
<!-- Generated by org.testng.reporters.JUnitReportReporter -->
<testsuite hostname="DESKTOP-GV6VD91" failures="0" tests="1" name="WorldlineAssesment.testing.Go_indigo" time="17.180" errors="0" timestamp="2024-03-22T17:38:40 IST" skipped="0">
  <testcase classname="WorldlineAssesment.testing.Go_indigo" name="test" time="17.180"/>
  <system-out/>
</testsuite> <!-- WorldlineAssesment.testing.Go_indigo -->
